{
  "RSpec": {
    "coverage": {
      "/home/csvm/Desktop/cosc480/LazyMe/lazyme/app/helpers/application_helper.rb": [
        1,
        null
      ],
      "/home/csvm/Desktop/cosc480/LazyMe/lazyme/app/helpers/refrigerators_helper.rb": [
        1,
        null
      ],
      "/home/csvm/Desktop/cosc480/LazyMe/lazyme/app/helpers/searchs_helper.rb": [
        1,
        null
      ],
      "/home/csvm/Desktop/cosc480/LazyMe/lazyme/app/controllers/refrigerators_controller.rb": [
        1,
        null,
        1,
        0,
        0,
        0,
        null,
        0,
        null,
        0,
        0,
        null,
        0,
        null,
        0,
        0,
        null,
        0,
        null,
        null,
        null,
        0,
        0,
        0,
        null,
        0,
        null,
        0,
        0,
        null,
        0,
        null,
        0,
        0,
        null,
        0,
        null,
        0,
        0,
        null,
        0,
        null,
        0,
        0,
        null,
        0,
        null,
        0,
        0,
        null,
        0,
        null,
        null,
        null,
        null,
        null,
        null,
        0,
        null,
        0,
        0,
        null,
        null,
        0,
        0,
        null,
        null,
        0,
        0,
        null,
        null,
        0,
        0,
        null,
        null,
        0,
        null,
        0,
        null,
        null,
        0,
        0,
        null,
        null,
        0,
        0,
        null,
        null,
        null,
        1,
        0,
        null,
        null,
        null,
        null,
        null,
        null,
        null,
        null
      ],
      "/home/csvm/Desktop/cosc480/LazyMe/lazyme/app/controllers/application_controller.rb": [
        1,
        null,
        null,
        1,
        null
      ],
      "/home/csvm/Desktop/cosc480/LazyMe/lazyme/app/controllers/searchs_controller.rb": [
        1,
        1,
        null,
        null,
        null,
        1,
        null,
        null,
        null,
        null
      ],
      "/home/csvm/Desktop/cosc480/LazyMe/lazyme/app/models/refrigerator.rb": [
        1,
        null,
        1,
        null,
        null,
        null,
        1,
        0,
        0,
        null,
        0,
        null,
        null
      ]
    },
    "timestamp": 1428029317
  },
  "Cucumber Features": {
    "coverage": {
      "/home/csvm/Desktop/cosc480/LazyMe/lazyme/app/controllers/refrigerators_controller.rb": [
        1,
        null,
        1,
        6,
        2,
        2,
        null,
        0,
        null,
        2,
        2,
        null,
        0,
        null,
        2,
        2,
        null,
        0,
        null,
        null,
        null,
        6,
        2,
        1,
        null,
        1,
        null,
        2,
        1,
        null,
        1,
        null,
        2,
        1,
        null,
        1,
        null,
        2,
        1,
        null,
        1,
        null,
        2,
        1,
        null,
        1,
        null,
        2,
        1,
        null,
        1,
        null,
        null,
        null,
        null,
        null,
        null,
        6,
        null,
        6,
        1,
        null,
        null,
        6,
        1,
        null,
        null,
        6,
        1,
        null,
        null,
        6,
        1,
        null,
        null,
        6,
        null,
        1,
        null,
        null,
        6,
        0,
        null,
        null,
        6,
        1,
        null,
        null,
        null,
        1,
        0,
        null,
        null,
        null,
        null,
        null,
        null,
        null,
        null
      ],
      "/home/csvm/Desktop/cosc480/LazyMe/lazyme/app/controllers/application_controller.rb": [
        1,
        null,
        null,
        1,
        null
      ],
      "/home/csvm/Desktop/cosc480/LazyMe/lazyme/app/helpers/application_helper.rb": [
        1,
        null
      ],
      "/home/csvm/Desktop/cosc480/LazyMe/lazyme/app/helpers/refrigerators_helper.rb": [
        1,
        null
      ],
      "/home/csvm/Desktop/cosc480/LazyMe/lazyme/app/helpers/searchs_helper.rb": [
        1,
        null
      ],
      "/home/csvm/Desktop/cosc480/LazyMe/lazyme/app/models/refrigerator.rb": [
        1,
        null,
        1,
        null,
        null,
        null,
        1,
        6,
        6,
        null,
        0,
        null,
        null
      ],
      "/home/csvm/Desktop/cosc480/LazyMe/lazyme/app/controllers/searchs_controller.rb": [
        1,
        1,
        null,
        null,
        null,
        1,
        null,
        null,
        null,
        null
      ]
    },
    "timestamp": 1428029369
  }
}
